0 info it worked if it ends with ok
1 verbose cli [ '/usr/local/bin/node', '/usr/local/bin/npm', 'publish' ]
2 info using npm@3.9.5
3 info using node@v6.2.2
4 verbose publish [ '.' ]
5 silly cache add args [ '.', null ]
6 verbose cache add spec .
7 silly cache add parsed spec Result {
7 silly cache add   raw: '.',
7 silly cache add   scope: null,
7 silly cache add   name: null,
7 silly cache add   rawSpec: '.',
7 silly cache add   spec: '/Users/smikulic/Development/check-loc',
7 silly cache add   type: 'directory' }
8 verbose addLocalDirectory /Users/smikulic/.npm/js-loc/0.1.0/package.tgz not in flight; packing
9 verbose correctMkdir /Users/smikulic/.npm correctMkdir not in flight; initializing
10 info lifecycle js-loc@0.1.0~prepublish: js-loc@0.1.0
11 silly lifecycle js-loc@0.1.0~prepublish: no script for prepublish, continuing
12 verbose tar pack [ '/Users/smikulic/.npm/js-loc/0.1.0/package.tgz',
12 verbose tar pack   '/Users/smikulic/Development/check-loc' ]
13 verbose tarball /Users/smikulic/.npm/js-loc/0.1.0/package.tgz
14 verbose folder /Users/smikulic/Development/check-loc
15 verbose addLocalTarball adding from inside cache /Users/smikulic/.npm/js-loc/0.1.0/package.tgz
16 verbose correctMkdir /Users/smikulic/.npm correctMkdir not in flight; initializing
17 silly cache afterAdd js-loc@0.1.0
18 verbose afterAdd /Users/smikulic/.npm/js-loc/0.1.0/package/package.json not in flight; writing
19 verbose correctMkdir /Users/smikulic/.npm correctMkdir not in flight; initializing
20 verbose afterAdd /Users/smikulic/.npm/js-loc/0.1.0/package/package.json written
21 silly publish { name: 'js-loc',
21 silly publish   version: '0.1.0',
21 silly publish   description: 'Check for lines of code and other stats for a js project',
21 silly publish   main: 'index.js',
21 silly publish   author: { name: 'Sinisa Mikulic' },
21 silly publish   license: 'MIT',
21 silly publish   scripts: { loc: 'node index.js' },
21 silly publish   readme: '# js-loc\nCheck for lines of code and other stats for a js project\n',
21 silly publish   readmeFilename: 'README.md',
21 silly publish   gitHead: 'cc7db17e668b3da84451c8c93d536974de704ae4',
21 silly publish   _id: 'js-loc@0.1.0',
21 silly publish   _shasum: '8cde0f0e70e2b601bdf99a27c4bf5255b74da4b9',
21 silly publish   _from: '.' }
22 verbose getPublishConfig undefined
23 silly mapToRegistry name js-loc
24 silly mapToRegistry using default registry
25 silly mapToRegistry registry https://registry.npmjs.org/
26 silly mapToRegistry data Result {
26 silly mapToRegistry   raw: 'js-loc',
26 silly mapToRegistry   scope: null,
26 silly mapToRegistry   name: 'js-loc',
26 silly mapToRegistry   rawSpec: '',
26 silly mapToRegistry   spec: 'latest',
26 silly mapToRegistry   type: 'tag' }
27 silly mapToRegistry uri https://registry.npmjs.org/js-loc
28 verbose publish registryBase https://registry.npmjs.org/
29 silly publish uploading /Users/smikulic/.npm/js-loc/0.1.0/package.tgz
30 verbose request uri https://registry.npmjs.org/js-loc
31 verbose request sending authorization for write operation
32 info attempt registry request try #1 at 9:06:00 PM
33 verbose request using bearer token for auth
34 verbose request id 08f405a8e6306d52
35 http request PUT https://registry.npmjs.org/js-loc
36 http 403 https://registry.npmjs.org/js-loc
37 verbose headers { 'content-type': 'application/json',
37 verbose headers   'cache-control': 'max-age=300',
37 verbose headers   'content-length': '93',
37 verbose headers   'accept-ranges': 'bytes',
37 verbose headers   date: 'Fri, 23 Feb 2018 20:06:02 GMT',
37 verbose headers   via: '1.1 varnish',
37 verbose headers   connection: 'keep-alive',
37 verbose headers   'x-served-by': 'cache-hhn1524-HHN',
37 verbose headers   'x-cache': 'MISS',
37 verbose headers   'x-cache-hits': '0',
37 verbose headers   'x-timer': 'S1519416361.791104,VS0,VE1378',
37 verbose headers   vary: 'Accept-Encoding, Accept' }
38 verbose request invalidating /Users/smikulic/.npm/registry.npmjs.org/js-loc on PUT
39 error publish Failed PUT 403
40 verbose stack Error: You cannot publish over the previously published versions: 0.1.0. : js-loc
40 verbose stack     at makeError (/usr/local/lib/node_modules/npm/node_modules/npm-registry-client/lib/request.js:264:12)
40 verbose stack     at CachingRegistryClient.<anonymous> (/usr/local/lib/node_modules/npm/node_modules/npm-registry-client/lib/request.js:252:14)
40 verbose stack     at Request._callback (/usr/local/lib/node_modules/npm/node_modules/npm-registry-client/lib/request.js:172:14)
40 verbose stack     at Request.self.callback (/usr/local/lib/node_modules/npm/node_modules/request/request.js:200:22)
40 verbose stack     at emitTwo (events.js:106:13)
40 verbose stack     at Request.emit (events.js:191:7)
40 verbose stack     at Request.<anonymous> (/usr/local/lib/node_modules/npm/node_modules/request/request.js:1067:10)
40 verbose stack     at emitOne (events.js:101:20)
40 verbose stack     at Request.emit (events.js:188:7)
40 verbose stack     at IncomingMessage.<anonymous> (/usr/local/lib/node_modules/npm/node_modules/request/request.js:988:12)
41 verbose statusCode 403
42 verbose pkgid js-loc
43 verbose cwd /Users/smikulic/Development/check-loc
44 error Darwin 17.4.0
45 error argv "/usr/local/bin/node" "/usr/local/bin/npm" "publish"
46 error node v6.2.2
47 error npm  v3.9.5
48 error code E403
49 error You cannot publish over the previously published versions: 0.1.0. : js-loc
50 error If you need help, you may report this error at:
50 error     <https://github.com/npm/npm/issues>
51 verbose exit [ 1, true ]
